<?xml version="1.0" encoding="UTF-8"?>
<testsuite xmlns:xsi="http://www.w3.org/2001/XMLSchema-instance" xsi:schemaLocation="https://maven.apache.org/surefire/maven-surefire-plugin/xsd/surefire-test-report.xsd" name="org.junit.experimental.categories.CategoryTest" time="0.01" tests="26" errors="0" skipped="0" failures="0">
  <properties>
    <property name="java.runtime.name" value="OpenJDK Runtime Environment"/>
    <property name="java.vm.version" value="17.0.2+0"/>
    <property name="sun.boot.library.path" value="/opt/homebrew/Cellar/openjdk/17.0.2/libexec/openjdk.jdk/Contents/Home/lib"/>
    <property name="maven.multiModuleProjectDirectory" value="/Users/maximesoudant/Documents/Cours/Licence/S6/GL/junit4"/>
    <property name="java.vm.vendor" value="Homebrew"/>
    <property name="java.vendor.url" value="https://github.com/Homebrew/homebrew-core/issues"/>
    <property name="guice.disable.misplaced.annotation.check" value="true"/>
    <property name="path.separator" value=":"/>
    <property name="java.vm.name" value="OpenJDK 64-Bit Server VM"/>
    <property name="user.country" value="FR"/>
    <property name="sun.java.launcher" value="SUN_STANDARD"/>
    <property name="java.vm.specification.name" value="Java Virtual Machine Specification"/>
    <property name="user.dir" value="/Users/maximesoudant/Documents/Cours/Licence/S6/GL/junit4"/>
    <property name="java.vm.compressedOopsMode" value="Zero based"/>
    <property name="java.runtime.version" value="17.0.2+0"/>
    <property name="os.arch" value="aarch64"/>
    <property name="java.io.tmpdir" value="/var/folders/jv/njpq7qs14pq6qpg84v5v6qjr0000gn/T/"/>
    <property name="line.separator" value="&#10;"/>
    <property name="java.vm.specification.vendor" value="Oracle Corporation"/>
    <property name="os.name" value="Mac OS X"/>
    <property name="classworlds.conf" value="/opt/homebrew/Cellar/maven/3.8.4/libexec/bin/m2.conf"/>
    <property name="sun.jnu.encoding" value="UTF-8"/>
    <property name="java.library.path" value="/Users/maximesoudant/Library/Java/Extensions:/Library/Java/Extensions:/Network/Library/Java/Extensions:/System/Library/Java/Extensions:/usr/lib/java:."/>
    <property name="maven.conf" value="/opt/homebrew/Cellar/maven/3.8.4/libexec/conf"/>
    <property name="jdk.debug" value="release"/>
    <property name="java.class.version" value="61.0"/>
    <property name="java.specification.name" value="Java Platform API Specification"/>
    <property name="sun.management.compiler" value="HotSpot 64-Bit Tiered Compilers"/>
    <property name="os.version" value="12.2.1"/>
    <property name="library.jansi.path" value="/opt/homebrew/Cellar/maven/3.8.4/libexec/lib/jansi-native"/>
    <property name="http.nonProxyHosts" value="local|*.local|169.254/16|*.169.254/16"/>
    <property name="user.home" value="/Users/maximesoudant"/>
    <property name="user.timezone" value="Europe/Paris"/>
    <property name="file.encoding" value="UTF-8"/>
    <property name="java.specification.version" value="17"/>
    <property name="user.name" value="maximesoudant"/>
    <property name="java.class.path" value="/opt/homebrew/Cellar/maven/3.8.4/libexec/boot/plexus-classworlds-2.6.0.jar"/>
    <property name="java.vm.specification.version" value="17"/>
    <property name="sun.arch.data.model" value="64"/>
    <property name="sun.java.command" value="org.codehaus.plexus.classworlds.launcher.Launcher test"/>
    <property name="java.home" value="/opt/homebrew/Cellar/openjdk/17.0.2/libexec/openjdk.jdk/Contents/Home"/>
    <property name="user.language" value="fr"/>
    <property name="java.specification.vendor" value="Oracle Corporation"/>
    <property name="java.vm.info" value="mixed mode, sharing"/>
    <property name="java.version" value="17.0.2"/>
    <property name="native.encoding" value="UTF-8"/>
    <property name="java.vendor" value="Homebrew"/>
    <property name="sun.stderr.encoding" value="UTF-8"/>
    <property name="maven.home" value="/opt/homebrew/Cellar/maven/3.8.4/libexec"/>
    <property name="file.separator" value="/"/>
    <property name="java.version.date" value="2022-01-18"/>
    <property name="java.vendor.url.bug" value="https://github.com/Homebrew/homebrew-core/issues"/>
    <property name="sun.io.unicode.encoding" value="UnicodeBig"/>
    <property name="sun.cpu.endian" value="little"/>
    <property name="java.vendor.version" value="Homebrew"/>
    <property name="sun.stdout.encoding" value="UTF-8"/>
    <property name="socksNonProxyHosts" value="local|*.local|169.254/16|*.169.254/16"/>
    <property name="ftp.nonProxyHosts" value="local|*.local|169.254/16|*.169.254/16"/>
  </properties>
  <testcase name="categoryFilterRejectsIncompatibleCategory" classname="org.junit.experimental.categories.CategoryTest" time="0"/>
  <testcase name="testsThatAreBothIncludedAndExcludedAreExcluded" classname="org.junit.experimental.categories.CategoryTest" time="0.001"/>
  <testcase name="testCountWithMultipleExcludeFilter" classname="org.junit.experimental.categories.CategoryTest" time="0"/>
  <testcase name="anyMethodWithExcludedCategoryWillBeExcluded" classname="org.junit.experimental.categories.CategoryTest" time="0"/>
  <testcase name="testCount" classname="org.junit.experimental.categories.CategoryTest" time="0.001"/>
  <testcase name="oneRunnableOthersAvoided" classname="org.junit.experimental.categories.CategoryTest" time="0.001"/>
  <testcase name="testCountWithExplicitExcludeFilter" classname="org.junit.experimental.categories.CategoryTest" time="0"/>
  <testcase name="subclassesOfIncludedCategoriesAreRun" classname="org.junit.experimental.categories.CategoryTest" time="0.001"/>
  <testcase name="sameAsNoIncludeCategoryAnnotation" classname="org.junit.experimental.categories.CategoryTest" time="0.001"/>
  <testcase name="classesCanBeCategories" classname="org.junit.experimental.categories.CategoryTest" time="0"/>
  <testcase name="noIncludeCategoryAnnotation" classname="org.junit.experimental.categories.CategoryTest" time="0.001"/>
  <testcase name="testCountWithMultipleIncludeFilter" classname="org.junit.experimental.categories.CategoryTest" time="0"/>
  <testcase name="ifNoTestsToRunUseErrorRunner" classname="org.junit.experimental.categories.CategoryTest" time="0"/>
  <testcase name="allIncludedSuiteCategoriesMustBeMatched" classname="org.junit.experimental.categories.CategoryTest" time="0"/>
  <testcase name="testCountWithExplicitIncludeFilter" classname="org.junit.experimental.categories.CategoryTest" time="0"/>
  <testcase name="describeACategoryFilter" classname="org.junit.experimental.categories.CategoryTest" time="0"/>
  <testcase name="runMethodWithTwoCategories" classname="org.junit.experimental.categories.CategoryTest" time="0"/>
  <testcase name="testCountOnJustA" classname="org.junit.experimental.categories.CategoryTest" time="0"/>
  <testcase name="testCountWithExplicitExcludeFilter_usingConstructor" classname="org.junit.experimental.categories.CategoryTest" time="0.001"/>
  <testcase name="testCountOnAWithoutSlowTests" classname="org.junit.experimental.categories.CategoryTest" time="0"/>
  <testcase name="categoryFilterLeavesOnlyMatchingMethods_usingConstructor" classname="org.junit.experimental.categories.CategoryTest" time="0"/>
  <testcase name="ignoredTest" classname="org.junit.experimental.categories.CategoryTest" time="0.001"/>
  <testcase name="testInheritance" classname="org.junit.experimental.categories.CategoryTest" time="0.001"/>
  <testcase name="describeMultipleCategoryFilter" classname="org.junit.experimental.categories.CategoryTest" time="0"/>
  <testcase name="emptyCategoriesSuite" classname="org.junit.experimental.categories.CategoryTest" time="0"/>
  <testcase name="categoryFilterLeavesOnlyMatchingMethods" classname="org.junit.experimental.categories.CategoryTest" time="0"/>
</testsuite>